<?xml version="1.0" encoding="UTF-8"?>
<!-- Generated by org.testng.reporters.JUnitReportReporter -->
<testsuite skipped="0" hostname="ind126.local" name="QuickeeAppTest" tests="1" failures="0" timestamp="05 Apr 2018 07:12:30 GMT" time="123.414" errors="0">
  <testcase name="openapp" time="123.414" classname="QuickeeAppTest"/>
</testsuite> <!-- QuickeeAppTest -->
