<?xml version="1.0" encoding="UTF-8"?>
<!-- Generated by org.testng.reporters.JUnitReportReporter -->
<testsuite skipped="0" hostname="ind126.local" name="NewTest" tests="1" failures="0" timestamp="03 Apr 2018 13:48:13 GMT" time="36.731" errors="0">
  <testcase name="App" time="36.731" classname="NewTest"/>
</testsuite> <!-- NewTest -->
